cc -I/opt/homebrew/Cellar/openssl@3/3.3.2/include -O3 -Wno-incompatible-pointer-types-discards-qualifiers  -L/opt/homebrew/Cellar/openssl@3/3.3.2/lib -lcrypto -DKYBER_K=2 kyber/ref/kem.c kyber/ref/indcpa.c kyber/ref/polyvec.c kyber/ref/poly.c kyber/ref/ntt.c kyber/ref/cbd.c kyber/ref/reduce.c kyber/ref/verify.c kyber/ref/randombytes.c kyber/ref/fips202.c kyber/ref/symmetric-shake.c speed.c test_mlkem_speed.c -o target/test_mlkem512_speed
cc -I/opt/homebrew/Cellar/openssl@3/3.3.2/include -O3 -Wno-incompatible-pointer-types-discards-qualifiers  -L/opt/homebrew/Cellar/openssl@3/3.3.2/lib -lcrypto -DKYBER_K=3 kyber/ref/kem.c kyber/ref/indcpa.c kyber/ref/polyvec.c kyber/ref/poly.c kyber/ref/ntt.c kyber/ref/cbd.c kyber/ref/reduce.c kyber/ref/verify.c kyber/ref/randombytes.c kyber/ref/fips202.c kyber/ref/symmetric-shake.c speed.c test_mlkem_speed.c -o target/test_mlkem768_speed
cc -I/opt/homebrew/Cellar/openssl@3/3.3.2/include -O3 -Wno-incompatible-pointer-types-discards-qualifiers  -L/opt/homebrew/Cellar/openssl@3/3.3.2/lib -lcrypto -DKYBER_K=4 kyber/ref/kem.c kyber/ref/indcpa.c kyber/ref/polyvec.c kyber/ref/poly.c kyber/ref/ntt.c kyber/ref/cbd.c kyber/ref/reduce.c kyber/ref/verify.c kyber/ref/randombytes.c kyber/ref/fips202.c kyber/ref/symmetric-shake.c speed.c test_mlkem_speed.c -o target/test_mlkem1024_speed
./target/test_mlkem512_speed
Encapsulation medium time is 90634
Decapsulation medium time is 120540
./target/test_mlkem768_speed
Encapsulation medium time is 144730
Decapsulation medium time is 183660
./target/test_mlkem1024_speed
Encapsulation medium time is 203408
Decapsulation medium time is 251914
cc -I/opt/homebrew/Cellar/openssl@3/3.3.2/include -O3 -Wno-incompatible-pointer-types-discards-qualifiers  -L/opt/homebrew/Cellar/openssl@3/3.3.2/lib -lcrypto -DPKE_MCELIECE348864 easy-mceliece/mceliece348864/benes.c easy-mceliece/mceliece348864/bm.c easy-mceliece/mceliece348864/controlbits.c easy-mceliece/mceliece348864/decrypt.c easy-mceliece/mceliece348864/encrypt.c easy-mceliece/mceliece348864/gf.c easy-mceliece/mceliece348864/keccak.c easy-mceliece/mceliece348864/operations.c easy-mceliece/mceliece348864/pk_gen.c easy-mceliece/mceliece348864/randombytes.c easy-mceliece/mceliece348864/root.c easy-mceliece/mceliece348864/sk_gen.c easy-mceliece/mceliece348864/synd.c easy-mceliece/mceliece348864/transpose.c easy-mceliece/mceliece348864/util.c speed.c test_mceliece_speed.c -o target/test_mceliece348864_speed
cc -I/opt/homebrew/Cellar/openssl@3/3.3.2/include -O3 -Wno-incompatible-pointer-types-discards-qualifiers  -L/opt/homebrew/Cellar/openssl@3/3.3.2/lib -lcrypto -DPKE_MCELIECE460896 easy-mceliece/mceliece460896/benes.c easy-mceliece/mceliece460896/bm.c easy-mceliece/mceliece460896/controlbits.c easy-mceliece/mceliece460896/decrypt.c easy-mceliece/mceliece460896/encrypt.c easy-mceliece/mceliece460896/gf.c easy-mceliece/mceliece460896/keccak.c easy-mceliece/mceliece460896/operations.c easy-mceliece/mceliece460896/pk_gen.c easy-mceliece/mceliece460896/randombytes.c easy-mceliece/mceliece460896/root.c easy-mceliece/mceliece460896/sk_gen.c easy-mceliece/mceliece460896/synd.c easy-mceliece/mceliece460896/transpose.c easy-mceliece/mceliece460896/util.c speed.c test_mceliece_speed.c -o target/test_mceliece460896_speed
cc -I/opt/homebrew/Cellar/openssl@3/3.3.2/include -O3 -Wno-incompatible-pointer-types-discards-qualifiers  -L/opt/homebrew/Cellar/openssl@3/3.3.2/lib -lcrypto -DPKE_MCELIECE6688128 easy-mceliece/mceliece6688128/benes.c easy-mceliece/mceliece6688128/bm.c easy-mceliece/mceliece6688128/controlbits.c easy-mceliece/mceliece6688128/decrypt.c easy-mceliece/mceliece6688128/encrypt.c easy-mceliece/mceliece6688128/gf.c easy-mceliece/mceliece6688128/keccak.c easy-mceliece/mceliece6688128/operations.c easy-mceliece/mceliece6688128/pk_gen.c easy-mceliece/mceliece6688128/randombytes.c easy-mceliece/mceliece6688128/root.c easy-mceliece/mceliece6688128/sk_gen.c easy-mceliece/mceliece6688128/synd.c easy-mceliece/mceliece6688128/transpose.c easy-mceliece/mceliece6688128/util.c speed.c test_mceliece_speed.c -o target/test_mceliece6688128_speed
cc -I/opt/homebrew/Cellar/openssl@3/3.3.2/include -O3 -Wno-incompatible-pointer-types-discards-qualifiers  -L/opt/homebrew/Cellar/openssl@3/3.3.2/lib -lcrypto -DPKE_MCELIECE6960119 easy-mceliece/mceliece6960119/benes.c easy-mceliece/mceliece6960119/bm.c easy-mceliece/mceliece6960119/controlbits.c easy-mceliece/mceliece6960119/decrypt.c easy-mceliece/mceliece6960119/encrypt.c easy-mceliece/mceliece6960119/gf.c easy-mceliece/mceliece6960119/keccak.c easy-mceliece/mceliece6960119/operations.c easy-mceliece/mceliece6960119/pk_gen.c easy-mceliece/mceliece6960119/randombytes.c easy-mceliece/mceliece6960119/root.c easy-mceliece/mceliece6960119/sk_gen.c easy-mceliece/mceliece6960119/synd.c easy-mceliece/mceliece6960119/transpose.c easy-mceliece/mceliece6960119/util.c speed.c test_mceliece_speed.c -o target/test_mceliece6960119_speed
cc -I/opt/homebrew/Cellar/openssl@3/3.3.2/include -O3 -Wno-incompatible-pointer-types-discards-qualifiers  -L/opt/homebrew/Cellar/openssl@3/3.3.2/lib -lcrypto -DPKE_MCELIECE8192128 easy-mceliece/mceliece8192128/benes.c easy-mceliece/mceliece8192128/bm.c easy-mceliece/mceliece8192128/controlbits.c easy-mceliece/mceliece8192128/decrypt.c easy-mceliece/mceliece8192128/encrypt.c easy-mceliece/mceliece8192128/gf.c easy-mceliece/mceliece8192128/keccak.c easy-mceliece/mceliece8192128/operations.c easy-mceliece/mceliece8192128/pk_gen.c easy-mceliece/mceliece8192128/randombytes.c easy-mceliece/mceliece8192128/root.c easy-mceliece/mceliece8192128/sk_gen.c easy-mceliece/mceliece8192128/synd.c easy-mceliece/mceliece8192128/transpose.c easy-mceliece/mceliece8192128/util.c speed.c test_mceliece_speed.c -o target/test_mceliece8192128_speed
./target/test_mceliece348864_speed
Encapsulation medium time is 93979
Decapsulation medium time is 42580525
./target/test_mceliece460896_speed
Encapsulation medium time is 188252
Decapsulation medium time is 97297777
./target/test_mceliece6688128_speed
Encapsulation medium time is 296052
Decapsulation medium time is 186754052
./target/test_mceliece6960119_speed
Encapsulation medium time is 533305
Decapsulation medium time is 180815173
./target/test_mceliece8192128_speed
Encapsulation medium time is 348862
Decapsulation medium time is 228409562
cc -I/opt/homebrew/Cellar/openssl@3/3.3.2/include -O3 -Wno-incompatible-pointer-types-discards-qualifiers  -L/opt/homebrew/Cellar/openssl@3/3.3.2/lib -lcrypto -DPKE_KYBER -DKYBER_K=2 -DMAC_POLY1305 kyber/ref/kem.c kyber/ref/indcpa.c kyber/ref/polyvec.c kyber/ref/poly.c kyber/ref/ntt.c kyber/ref/cbd.c kyber/ref/reduce.c kyber/ref/verify.c kyber/ref/randombytes.c kyber/ref/fips202.c kyber/ref/symmetric-shake.c authenticators.c etmkem.c pke.c speed.c test_etmkem_speed.c -o target/test_kyber512_poly1305_speed
cc -I/opt/homebrew/Cellar/openssl@3/3.3.2/include -O3 -Wno-incompatible-pointer-types-discards-qualifiers  -L/opt/homebrew/Cellar/openssl@3/3.3.2/lib -lcrypto -DPKE_KYBER -DKYBER_K=2 -DMAC_GMAC kyber/ref/kem.c kyber/ref/indcpa.c kyber/ref/polyvec.c kyber/ref/poly.c kyber/ref/ntt.c kyber/ref/cbd.c kyber/ref/reduce.c kyber/ref/verify.c kyber/ref/randombytes.c kyber/ref/fips202.c kyber/ref/symmetric-shake.c authenticators.c etmkem.c pke.c speed.c test_etmkem_speed.c -o target/test_kyber512_gmac_speed
cc -I/opt/homebrew/Cellar/openssl@3/3.3.2/include -O3 -Wno-incompatible-pointer-types-discards-qualifiers  -L/opt/homebrew/Cellar/openssl@3/3.3.2/lib -lcrypto -DPKE_KYBER -DKYBER_K=2 -DMAC_CMAC kyber/ref/kem.c kyber/ref/indcpa.c kyber/ref/polyvec.c kyber/ref/poly.c kyber/ref/ntt.c kyber/ref/cbd.c kyber/ref/reduce.c kyber/ref/verify.c kyber/ref/randombytes.c kyber/ref/fips202.c kyber/ref/symmetric-shake.c authenticators.c etmkem.c pke.c speed.c test_etmkem_speed.c -o target/test_kyber512_cmac_speed
cc -I/opt/homebrew/Cellar/openssl@3/3.3.2/include -O3 -Wno-incompatible-pointer-types-discards-qualifiers  -L/opt/homebrew/Cellar/openssl@3/3.3.2/lib -lcrypto -DPKE_KYBER -DKYBER_K=2 -DMAC_KMAC256 kyber/ref/kem.c kyber/ref/indcpa.c kyber/ref/polyvec.c kyber/ref/poly.c kyber/ref/ntt.c kyber/ref/cbd.c kyber/ref/reduce.c kyber/ref/verify.c kyber/ref/randombytes.c kyber/ref/fips202.c kyber/ref/symmetric-shake.c authenticators.c etmkem.c pke.c speed.c test_etmkem_speed.c -o target/test_kyber512_kmac256_speed
cc -I/opt/homebrew/Cellar/openssl@3/3.3.2/include -O3 -Wno-incompatible-pointer-types-discards-qualifiers  -L/opt/homebrew/Cellar/openssl@3/3.3.2/lib -lcrypto -DPKE_KYBER -DKYBER_K=3 -DMAC_POLY1305 kyber/ref/kem.c kyber/ref/indcpa.c kyber/ref/polyvec.c kyber/ref/poly.c kyber/ref/ntt.c kyber/ref/cbd.c kyber/ref/reduce.c kyber/ref/verify.c kyber/ref/randombytes.c kyber/ref/fips202.c kyber/ref/symmetric-shake.c authenticators.c etmkem.c pke.c speed.c test_etmkem_speed.c -o target/test_kyber768_poly1305_speed
cc -I/opt/homebrew/Cellar/openssl@3/3.3.2/include -O3 -Wno-incompatible-pointer-types-discards-qualifiers  -L/opt/homebrew/Cellar/openssl@3/3.3.2/lib -lcrypto -DPKE_KYBER -DKYBER_K=3 -DMAC_GMAC kyber/ref/kem.c kyber/ref/indcpa.c kyber/ref/polyvec.c kyber/ref/poly.c kyber/ref/ntt.c kyber/ref/cbd.c kyber/ref/reduce.c kyber/ref/verify.c kyber/ref/randombytes.c kyber/ref/fips202.c kyber/ref/symmetric-shake.c authenticators.c etmkem.c pke.c speed.c test_etmkem_speed.c -o target/test_kyber768_gmac_speed
cc -I/opt/homebrew/Cellar/openssl@3/3.3.2/include -O3 -Wno-incompatible-pointer-types-discards-qualifiers  -L/opt/homebrew/Cellar/openssl@3/3.3.2/lib -lcrypto -DPKE_KYBER -DKYBER_K=3 -DMAC_CMAC kyber/ref/kem.c kyber/ref/indcpa.c kyber/ref/polyvec.c kyber/ref/poly.c kyber/ref/ntt.c kyber/ref/cbd.c kyber/ref/reduce.c kyber/ref/verify.c kyber/ref/randombytes.c kyber/ref/fips202.c kyber/ref/symmetric-shake.c authenticators.c etmkem.c pke.c speed.c test_etmkem_speed.c -o target/test_kyber768_cmac_speed
cc -I/opt/homebrew/Cellar/openssl@3/3.3.2/include -O3 -Wno-incompatible-pointer-types-discards-qualifiers  -L/opt/homebrew/Cellar/openssl@3/3.3.2/lib -lcrypto -DPKE_KYBER -DKYBER_K=3 -DMAC_KMAC256 kyber/ref/kem.c kyber/ref/indcpa.c kyber/ref/polyvec.c kyber/ref/poly.c kyber/ref/ntt.c kyber/ref/cbd.c kyber/ref/reduce.c kyber/ref/verify.c kyber/ref/randombytes.c kyber/ref/fips202.c kyber/ref/symmetric-shake.c authenticators.c etmkem.c pke.c speed.c test_etmkem_speed.c -o target/test_kyber768_kmac256_speed
cc -I/opt/homebrew/Cellar/openssl@3/3.3.2/include -O3 -Wno-incompatible-pointer-types-discards-qualifiers  -L/opt/homebrew/Cellar/openssl@3/3.3.2/lib -lcrypto -DPKE_KYBER -DKYBER_K=4 -DMAC_POLY1305 kyber/ref/kem.c kyber/ref/indcpa.c kyber/ref/polyvec.c kyber/ref/poly.c kyber/ref/ntt.c kyber/ref/cbd.c kyber/ref/reduce.c kyber/ref/verify.c kyber/ref/randombytes.c kyber/ref/fips202.c kyber/ref/symmetric-shake.c authenticators.c etmkem.c pke.c speed.c test_etmkem_speed.c -o target/test_kyber1024_poly1305_speed
cc -I/opt/homebrew/Cellar/openssl@3/3.3.2/include -O3 -Wno-incompatible-pointer-types-discards-qualifiers  -L/opt/homebrew/Cellar/openssl@3/3.3.2/lib -lcrypto -DPKE_KYBER -DKYBER_K=4 -DMAC_GMAC kyber/ref/kem.c kyber/ref/indcpa.c kyber/ref/polyvec.c kyber/ref/poly.c kyber/ref/ntt.c kyber/ref/cbd.c kyber/ref/reduce.c kyber/ref/verify.c kyber/ref/randombytes.c kyber/ref/fips202.c kyber/ref/symmetric-shake.c authenticators.c etmkem.c pke.c speed.c test_etmkem_speed.c -o target/test_kyber1024_gmac_speed
cc -I/opt/homebrew/Cellar/openssl@3/3.3.2/include -O3 -Wno-incompatible-pointer-types-discards-qualifiers  -L/opt/homebrew/Cellar/openssl@3/3.3.2/lib -lcrypto -DPKE_KYBER -DKYBER_K=4 -DMAC_CMAC kyber/ref/kem.c kyber/ref/indcpa.c kyber/ref/polyvec.c kyber/ref/poly.c kyber/ref/ntt.c kyber/ref/cbd.c kyber/ref/reduce.c kyber/ref/verify.c kyber/ref/randombytes.c kyber/ref/fips202.c kyber/ref/symmetric-shake.c authenticators.c etmkem.c pke.c speed.c test_etmkem_speed.c -o target/test_kyber1024_cmac_speed
cc -I/opt/homebrew/Cellar/openssl@3/3.3.2/include -O3 -Wno-incompatible-pointer-types-discards-qualifiers  -L/opt/homebrew/Cellar/openssl@3/3.3.2/lib -lcrypto -DPKE_KYBER -DKYBER_K=4 -DMAC_KMAC256 kyber/ref/kem.c kyber/ref/indcpa.c kyber/ref/polyvec.c kyber/ref/poly.c kyber/ref/ntt.c kyber/ref/cbd.c kyber/ref/reduce.c kyber/ref/verify.c kyber/ref/randombytes.c kyber/ref/fips202.c kyber/ref/symmetric-shake.c authenticators.c etmkem.c pke.c speed.c test_etmkem_speed.c -o target/test_kyber1024_kmac256_speed
cc -I/opt/homebrew/Cellar/openssl@3/3.3.2/include -O3 -Wno-incompatible-pointer-types-discards-qualifiers  -L/opt/homebrew/Cellar/openssl@3/3.3.2/lib -lcrypto -DPKE_MCELIECE348864 -DMAC_POLY1305 easy-mceliece/mceliece348864/benes.c easy-mceliece/mceliece348864/bm.c easy-mceliece/mceliece348864/controlbits.c easy-mceliece/mceliece348864/decrypt.c easy-mceliece/mceliece348864/encrypt.c easy-mceliece/mceliece348864/gf.c easy-mceliece/mceliece348864/keccak.c easy-mceliece/mceliece348864/operations.c easy-mceliece/mceliece348864/pk_gen.c easy-mceliece/mceliece348864/randombytes.c easy-mceliece/mceliece348864/root.c easy-mceliece/mceliece348864/sk_gen.c easy-mceliece/mceliece348864/synd.c easy-mceliece/mceliece348864/transpose.c easy-mceliece/mceliece348864/util.c authenticators.c etmkem.c pke.c speed.c test_etmkem_speed.c -o target/test_mceliece348864_poly1305_speed
cc -I/opt/homebrew/Cellar/openssl@3/3.3.2/include -O3 -Wno-incompatible-pointer-types-discards-qualifiers  -L/opt/homebrew/Cellar/openssl@3/3.3.2/lib -lcrypto -DPKE_MCELIECE348864 -DMAC_GMAC easy-mceliece/mceliece348864/benes.c easy-mceliece/mceliece348864/bm.c easy-mceliece/mceliece348864/controlbits.c easy-mceliece/mceliece348864/decrypt.c easy-mceliece/mceliece348864/encrypt.c easy-mceliece/mceliece348864/gf.c easy-mceliece/mceliece348864/keccak.c easy-mceliece/mceliece348864/operations.c easy-mceliece/mceliece348864/pk_gen.c easy-mceliece/mceliece348864/randombytes.c easy-mceliece/mceliece348864/root.c easy-mceliece/mceliece348864/sk_gen.c easy-mceliece/mceliece348864/synd.c easy-mceliece/mceliece348864/transpose.c easy-mceliece/mceliece348864/util.c authenticators.c etmkem.c pke.c speed.c test_etmkem_speed.c -o target/test_mceliece348864_gmac_speed
cc -I/opt/homebrew/Cellar/openssl@3/3.3.2/include -O3 -Wno-incompatible-pointer-types-discards-qualifiers  -L/opt/homebrew/Cellar/openssl@3/3.3.2/lib -lcrypto -DPKE_MCELIECE348864 -DMAC_CMAC easy-mceliece/mceliece348864/benes.c easy-mceliece/mceliece348864/bm.c easy-mceliece/mceliece348864/controlbits.c easy-mceliece/mceliece348864/decrypt.c easy-mceliece/mceliece348864/encrypt.c easy-mceliece/mceliece348864/gf.c easy-mceliece/mceliece348864/keccak.c easy-mceliece/mceliece348864/operations.c easy-mceliece/mceliece348864/pk_gen.c easy-mceliece/mceliece348864/randombytes.c easy-mceliece/mceliece348864/root.c easy-mceliece/mceliece348864/sk_gen.c easy-mceliece/mceliece348864/synd.c easy-mceliece/mceliece348864/transpose.c easy-mceliece/mceliece348864/util.c authenticators.c etmkem.c pke.c speed.c test_etmkem_speed.c -o target/test_mceliece348864_cmac_speed
cc -I/opt/homebrew/Cellar/openssl@3/3.3.2/include -O3 -Wno-incompatible-pointer-types-discards-qualifiers  -L/opt/homebrew/Cellar/openssl@3/3.3.2/lib -lcrypto -DPKE_MCELIECE348864 -DMAC_KMAC256 easy-mceliece/mceliece348864/benes.c easy-mceliece/mceliece348864/bm.c easy-mceliece/mceliece348864/controlbits.c easy-mceliece/mceliece348864/decrypt.c easy-mceliece/mceliece348864/encrypt.c easy-mceliece/mceliece348864/gf.c easy-mceliece/mceliece348864/keccak.c easy-mceliece/mceliece348864/operations.c easy-mceliece/mceliece348864/pk_gen.c easy-mceliece/mceliece348864/randombytes.c easy-mceliece/mceliece348864/root.c easy-mceliece/mceliece348864/sk_gen.c easy-mceliece/mceliece348864/synd.c easy-mceliece/mceliece348864/transpose.c easy-mceliece/mceliece348864/util.c authenticators.c etmkem.c pke.c speed.c test_etmkem_speed.c -o target/test_mceliece348864_kmac256_speed
cc -I/opt/homebrew/Cellar/openssl@3/3.3.2/include -O3 -Wno-incompatible-pointer-types-discards-qualifiers  -L/opt/homebrew/Cellar/openssl@3/3.3.2/lib -lcrypto -DPKE_MCELIECE460896 -DMAC_POLY1305 easy-mceliece/mceliece460896/benes.c easy-mceliece/mceliece460896/bm.c easy-mceliece/mceliece460896/controlbits.c easy-mceliece/mceliece460896/decrypt.c easy-mceliece/mceliece460896/encrypt.c easy-mceliece/mceliece460896/gf.c easy-mceliece/mceliece460896/keccak.c easy-mceliece/mceliece460896/operations.c easy-mceliece/mceliece460896/pk_gen.c easy-mceliece/mceliece460896/randombytes.c easy-mceliece/mceliece460896/root.c easy-mceliece/mceliece460896/sk_gen.c easy-mceliece/mceliece460896/synd.c easy-mceliece/mceliece460896/transpose.c easy-mceliece/mceliece460896/util.c authenticators.c etmkem.c pke.c speed.c test_etmkem_speed.c -o target/test_mceliece460896_poly1305_speed
cc -I/opt/homebrew/Cellar/openssl@3/3.3.2/include -O3 -Wno-incompatible-pointer-types-discards-qualifiers  -L/opt/homebrew/Cellar/openssl@3/3.3.2/lib -lcrypto -DPKE_MCELIECE460896 -DMAC_GMAC easy-mceliece/mceliece460896/benes.c easy-mceliece/mceliece460896/bm.c easy-mceliece/mceliece460896/controlbits.c easy-mceliece/mceliece460896/decrypt.c easy-mceliece/mceliece460896/encrypt.c easy-mceliece/mceliece460896/gf.c easy-mceliece/mceliece460896/keccak.c easy-mceliece/mceliece460896/operations.c easy-mceliece/mceliece460896/pk_gen.c easy-mceliece/mceliece460896/randombytes.c easy-mceliece/mceliece460896/root.c easy-mceliece/mceliece460896/sk_gen.c easy-mceliece/mceliece460896/synd.c easy-mceliece/mceliece460896/transpose.c easy-mceliece/mceliece460896/util.c authenticators.c etmkem.c pke.c speed.c test_etmkem_speed.c -o target/test_mceliece460896_gmac_speed
cc -I/opt/homebrew/Cellar/openssl@3/3.3.2/include -O3 -Wno-incompatible-pointer-types-discards-qualifiers  -L/opt/homebrew/Cellar/openssl@3/3.3.2/lib -lcrypto -DPKE_MCELIECE460896 -DMAC_CMAC easy-mceliece/mceliece460896/benes.c easy-mceliece/mceliece460896/bm.c easy-mceliece/mceliece460896/controlbits.c easy-mceliece/mceliece460896/decrypt.c easy-mceliece/mceliece460896/encrypt.c easy-mceliece/mceliece460896/gf.c easy-mceliece/mceliece460896/keccak.c easy-mceliece/mceliece460896/operations.c easy-mceliece/mceliece460896/pk_gen.c easy-mceliece/mceliece460896/randombytes.c easy-mceliece/mceliece460896/root.c easy-mceliece/mceliece460896/sk_gen.c easy-mceliece/mceliece460896/synd.c easy-mceliece/mceliece460896/transpose.c easy-mceliece/mceliece460896/util.c authenticators.c etmkem.c pke.c speed.c test_etmkem_speed.c -o target/test_mceliece460896_cmac_speed
cc -I/opt/homebrew/Cellar/openssl@3/3.3.2/include -O3 -Wno-incompatible-pointer-types-discards-qualifiers  -L/opt/homebrew/Cellar/openssl@3/3.3.2/lib -lcrypto -DPKE_MCELIECE460896 -DMAC_KMAC256 easy-mceliece/mceliece460896/benes.c easy-mceliece/mceliece460896/bm.c easy-mceliece/mceliece460896/controlbits.c easy-mceliece/mceliece460896/decrypt.c easy-mceliece/mceliece460896/encrypt.c easy-mceliece/mceliece460896/gf.c easy-mceliece/mceliece460896/keccak.c easy-mceliece/mceliece460896/operations.c easy-mceliece/mceliece460896/pk_gen.c easy-mceliece/mceliece460896/randombytes.c easy-mceliece/mceliece460896/root.c easy-mceliece/mceliece460896/sk_gen.c easy-mceliece/mceliece460896/synd.c easy-mceliece/mceliece460896/transpose.c easy-mceliece/mceliece460896/util.c authenticators.c etmkem.c pke.c speed.c test_etmkem_speed.c -o target/test_mceliece460896_kmac256_speed
cc -I/opt/homebrew/Cellar/openssl@3/3.3.2/include -O3 -Wno-incompatible-pointer-types-discards-qualifiers  -L/opt/homebrew/Cellar/openssl@3/3.3.2/lib -lcrypto -DPKE_MCELIECE6688128 -DMAC_POLY1305 easy-mceliece/mceliece6688128/benes.c easy-mceliece/mceliece6688128/bm.c easy-mceliece/mceliece6688128/controlbits.c easy-mceliece/mceliece6688128/decrypt.c easy-mceliece/mceliece6688128/encrypt.c easy-mceliece/mceliece6688128/gf.c easy-mceliece/mceliece6688128/keccak.c easy-mceliece/mceliece6688128/operations.c easy-mceliece/mceliece6688128/pk_gen.c easy-mceliece/mceliece6688128/randombytes.c easy-mceliece/mceliece6688128/root.c easy-mceliece/mceliece6688128/sk_gen.c easy-mceliece/mceliece6688128/synd.c easy-mceliece/mceliece6688128/transpose.c easy-mceliece/mceliece6688128/util.c authenticators.c etmkem.c pke.c speed.c test_etmkem_speed.c -o target/test_mceliece6688128_poly1305_speed
cc -I/opt/homebrew/Cellar/openssl@3/3.3.2/include -O3 -Wno-incompatible-pointer-types-discards-qualifiers  -L/opt/homebrew/Cellar/openssl@3/3.3.2/lib -lcrypto -DPKE_MCELIECE6688128 -DMAC_GMAC easy-mceliece/mceliece6688128/benes.c easy-mceliece/mceliece6688128/bm.c easy-mceliece/mceliece6688128/controlbits.c easy-mceliece/mceliece6688128/decrypt.c easy-mceliece/mceliece6688128/encrypt.c easy-mceliece/mceliece6688128/gf.c easy-mceliece/mceliece6688128/keccak.c easy-mceliece/mceliece6688128/operations.c easy-mceliece/mceliece6688128/pk_gen.c easy-mceliece/mceliece6688128/randombytes.c easy-mceliece/mceliece6688128/root.c easy-mceliece/mceliece6688128/sk_gen.c easy-mceliece/mceliece6688128/synd.c easy-mceliece/mceliece6688128/transpose.c easy-mceliece/mceliece6688128/util.c authenticators.c etmkem.c pke.c speed.c test_etmkem_speed.c -o target/test_mceliece6688128_gmac_speed
cc -I/opt/homebrew/Cellar/openssl@3/3.3.2/include -O3 -Wno-incompatible-pointer-types-discards-qualifiers  -L/opt/homebrew/Cellar/openssl@3/3.3.2/lib -lcrypto -DPKE_MCELIECE6688128 -DMAC_CMAC easy-mceliece/mceliece6688128/benes.c easy-mceliece/mceliece6688128/bm.c easy-mceliece/mceliece6688128/controlbits.c easy-mceliece/mceliece6688128/decrypt.c easy-mceliece/mceliece6688128/encrypt.c easy-mceliece/mceliece6688128/gf.c easy-mceliece/mceliece6688128/keccak.c easy-mceliece/mceliece6688128/operations.c easy-mceliece/mceliece6688128/pk_gen.c easy-mceliece/mceliece6688128/randombytes.c easy-mceliece/mceliece6688128/root.c easy-mceliece/mceliece6688128/sk_gen.c easy-mceliece/mceliece6688128/synd.c easy-mceliece/mceliece6688128/transpose.c easy-mceliece/mceliece6688128/util.c authenticators.c etmkem.c pke.c speed.c test_etmkem_speed.c -o target/test_mceliece6688128_cmac_speed
cc -I/opt/homebrew/Cellar/openssl@3/3.3.2/include -O3 -Wno-incompatible-pointer-types-discards-qualifiers  -L/opt/homebrew/Cellar/openssl@3/3.3.2/lib -lcrypto -DPKE_MCELIECE6688128 -DMAC_KMAC256 easy-mceliece/mceliece6688128/benes.c easy-mceliece/mceliece6688128/bm.c easy-mceliece/mceliece6688128/controlbits.c easy-mceliece/mceliece6688128/decrypt.c easy-mceliece/mceliece6688128/encrypt.c easy-mceliece/mceliece6688128/gf.c easy-mceliece/mceliece6688128/keccak.c easy-mceliece/mceliece6688128/operations.c easy-mceliece/mceliece6688128/pk_gen.c easy-mceliece/mceliece6688128/randombytes.c easy-mceliece/mceliece6688128/root.c easy-mceliece/mceliece6688128/sk_gen.c easy-mceliece/mceliece6688128/synd.c easy-mceliece/mceliece6688128/transpose.c easy-mceliece/mceliece6688128/util.c authenticators.c etmkem.c pke.c speed.c test_etmkem_speed.c -o target/test_mceliece6688128_kmac256_speed
cc -I/opt/homebrew/Cellar/openssl@3/3.3.2/include -O3 -Wno-incompatible-pointer-types-discards-qualifiers  -L/opt/homebrew/Cellar/openssl@3/3.3.2/lib -lcrypto -DPKE_MCELIECE6960119 -DMAC_POLY1305 easy-mceliece/mceliece6960119/benes.c easy-mceliece/mceliece6960119/bm.c easy-mceliece/mceliece6960119/controlbits.c easy-mceliece/mceliece6960119/decrypt.c easy-mceliece/mceliece6960119/encrypt.c easy-mceliece/mceliece6960119/gf.c easy-mceliece/mceliece6960119/keccak.c easy-mceliece/mceliece6960119/operations.c easy-mceliece/mceliece6960119/pk_gen.c easy-mceliece/mceliece6960119/randombytes.c easy-mceliece/mceliece6960119/root.c easy-mceliece/mceliece6960119/sk_gen.c easy-mceliece/mceliece6960119/synd.c easy-mceliece/mceliece6960119/transpose.c easy-mceliece/mceliece6960119/util.c authenticators.c etmkem.c pke.c speed.c test_etmkem_speed.c -o target/test_mceliece6960119_poly1305_speed
cc -I/opt/homebrew/Cellar/openssl@3/3.3.2/include -O3 -Wno-incompatible-pointer-types-discards-qualifiers  -L/opt/homebrew/Cellar/openssl@3/3.3.2/lib -lcrypto -DPKE_MCELIECE6960119 -DMAC_GMAC easy-mceliece/mceliece6960119/benes.c easy-mceliece/mceliece6960119/bm.c easy-mceliece/mceliece6960119/controlbits.c easy-mceliece/mceliece6960119/decrypt.c easy-mceliece/mceliece6960119/encrypt.c easy-mceliece/mceliece6960119/gf.c easy-mceliece/mceliece6960119/keccak.c easy-mceliece/mceliece6960119/operations.c easy-mceliece/mceliece6960119/pk_gen.c easy-mceliece/mceliece6960119/randombytes.c easy-mceliece/mceliece6960119/root.c easy-mceliece/mceliece6960119/sk_gen.c easy-mceliece/mceliece6960119/synd.c easy-mceliece/mceliece6960119/transpose.c easy-mceliece/mceliece6960119/util.c authenticators.c etmkem.c pke.c speed.c test_etmkem_speed.c -o target/test_mceliece6960119_gmac_speed
cc -I/opt/homebrew/Cellar/openssl@3/3.3.2/include -O3 -Wno-incompatible-pointer-types-discards-qualifiers  -L/opt/homebrew/Cellar/openssl@3/3.3.2/lib -lcrypto -DPKE_MCELIECE6960119 -DMAC_CMAC easy-mceliece/mceliece6960119/benes.c easy-mceliece/mceliece6960119/bm.c easy-mceliece/mceliece6960119/controlbits.c easy-mceliece/mceliece6960119/decrypt.c easy-mceliece/mceliece6960119/encrypt.c easy-mceliece/mceliece6960119/gf.c easy-mceliece/mceliece6960119/keccak.c easy-mceliece/mceliece6960119/operations.c easy-mceliece/mceliece6960119/pk_gen.c easy-mceliece/mceliece6960119/randombytes.c easy-mceliece/mceliece6960119/root.c easy-mceliece/mceliece6960119/sk_gen.c easy-mceliece/mceliece6960119/synd.c easy-mceliece/mceliece6960119/transpose.c easy-mceliece/mceliece6960119/util.c authenticators.c etmkem.c pke.c speed.c test_etmkem_speed.c -o target/test_mceliece6960119_cmac_speed
cc -I/opt/homebrew/Cellar/openssl@3/3.3.2/include -O3 -Wno-incompatible-pointer-types-discards-qualifiers  -L/opt/homebrew/Cellar/openssl@3/3.3.2/lib -lcrypto -DPKE_MCELIECE6960119 -DMAC_KMAC256 easy-mceliece/mceliece6960119/benes.c easy-mceliece/mceliece6960119/bm.c easy-mceliece/mceliece6960119/controlbits.c easy-mceliece/mceliece6960119/decrypt.c easy-mceliece/mceliece6960119/encrypt.c easy-mceliece/mceliece6960119/gf.c easy-mceliece/mceliece6960119/keccak.c easy-mceliece/mceliece6960119/operations.c easy-mceliece/mceliece6960119/pk_gen.c easy-mceliece/mceliece6960119/randombytes.c easy-mceliece/mceliece6960119/root.c easy-mceliece/mceliece6960119/sk_gen.c easy-mceliece/mceliece6960119/synd.c easy-mceliece/mceliece6960119/transpose.c easy-mceliece/mceliece6960119/util.c authenticators.c etmkem.c pke.c speed.c test_etmkem_speed.c -o target/test_mceliece6960119_kmac256_speed
cc -I/opt/homebrew/Cellar/openssl@3/3.3.2/include -O3 -Wno-incompatible-pointer-types-discards-qualifiers  -L/opt/homebrew/Cellar/openssl@3/3.3.2/lib -lcrypto -DPKE_MCELIECE8192128 -DMAC_POLY1305 easy-mceliece/mceliece8192128/benes.c easy-mceliece/mceliece8192128/bm.c easy-mceliece/mceliece8192128/controlbits.c easy-mceliece/mceliece8192128/decrypt.c easy-mceliece/mceliece8192128/encrypt.c easy-mceliece/mceliece8192128/gf.c easy-mceliece/mceliece8192128/keccak.c easy-mceliece/mceliece8192128/operations.c easy-mceliece/mceliece8192128/pk_gen.c easy-mceliece/mceliece8192128/randombytes.c easy-mceliece/mceliece8192128/root.c easy-mceliece/mceliece8192128/sk_gen.c easy-mceliece/mceliece8192128/synd.c easy-mceliece/mceliece8192128/transpose.c easy-mceliece/mceliece8192128/util.c authenticators.c etmkem.c pke.c speed.c test_etmkem_speed.c -o target/test_mceliece8192128_poly1305_speed
cc -I/opt/homebrew/Cellar/openssl@3/3.3.2/include -O3 -Wno-incompatible-pointer-types-discards-qualifiers  -L/opt/homebrew/Cellar/openssl@3/3.3.2/lib -lcrypto -DPKE_MCELIECE8192128 -DMAC_GMAC easy-mceliece/mceliece8192128/benes.c easy-mceliece/mceliece8192128/bm.c easy-mceliece/mceliece8192128/controlbits.c easy-mceliece/mceliece8192128/decrypt.c easy-mceliece/mceliece8192128/encrypt.c easy-mceliece/mceliece8192128/gf.c easy-mceliece/mceliece8192128/keccak.c easy-mceliece/mceliece8192128/operations.c easy-mceliece/mceliece8192128/pk_gen.c easy-mceliece/mceliece8192128/randombytes.c easy-mceliece/mceliece8192128/root.c easy-mceliece/mceliece8192128/sk_gen.c easy-mceliece/mceliece8192128/synd.c easy-mceliece/mceliece8192128/transpose.c easy-mceliece/mceliece8192128/util.c authenticators.c etmkem.c pke.c speed.c test_etmkem_speed.c -o target/test_mceliece8192128_gmac_speed
cc -I/opt/homebrew/Cellar/openssl@3/3.3.2/include -O3 -Wno-incompatible-pointer-types-discards-qualifiers  -L/opt/homebrew/Cellar/openssl@3/3.3.2/lib -lcrypto -DPKE_MCELIECE8192128 -DMAC_CMAC easy-mceliece/mceliece8192128/benes.c easy-mceliece/mceliece8192128/bm.c easy-mceliece/mceliece8192128/controlbits.c easy-mceliece/mceliece8192128/decrypt.c easy-mceliece/mceliece8192128/encrypt.c easy-mceliece/mceliece8192128/gf.c easy-mceliece/mceliece8192128/keccak.c easy-mceliece/mceliece8192128/operations.c easy-mceliece/mceliece8192128/pk_gen.c easy-mceliece/mceliece8192128/randombytes.c easy-mceliece/mceliece8192128/root.c easy-mceliece/mceliece8192128/sk_gen.c easy-mceliece/mceliece8192128/synd.c easy-mceliece/mceliece8192128/transpose.c easy-mceliece/mceliece8192128/util.c authenticators.c etmkem.c pke.c speed.c test_etmkem_speed.c -o target/test_mceliece8192128_cmac_speed
cc -I/opt/homebrew/Cellar/openssl@3/3.3.2/include -O3 -Wno-incompatible-pointer-types-discards-qualifiers  -L/opt/homebrew/Cellar/openssl@3/3.3.2/lib -lcrypto -DPKE_MCELIECE8192128 -DMAC_KMAC256 easy-mceliece/mceliece8192128/benes.c easy-mceliece/mceliece8192128/bm.c easy-mceliece/mceliece8192128/controlbits.c easy-mceliece/mceliece8192128/decrypt.c easy-mceliece/mceliece8192128/encrypt.c easy-mceliece/mceliece8192128/gf.c easy-mceliece/mceliece8192128/keccak.c easy-mceliece/mceliece8192128/operations.c easy-mceliece/mceliece8192128/pk_gen.c easy-mceliece/mceliece8192128/randombytes.c easy-mceliece/mceliece8192128/root.c easy-mceliece/mceliece8192128/sk_gen.c easy-mceliece/mceliece8192128/synd.c easy-mceliece/mceliece8192128/transpose.c easy-mceliece/mceliece8192128/util.c authenticators.c etmkem.c pke.c speed.c test_etmkem_speed.c -o target/test_mceliece8192128_kmac256_speed
./target/test_kyber512_poly1305_speed
Encapsulation medium time is 92084
Decapsulation medium time is 37577
./target/test_kyber512_gmac_speed
Encapsulation medium time is 99544
Decapsulation medium time is 43203
./target/test_kyber512_cmac_speed
Encapsulation medium time is 102258
Decapsulation medium time is 45541
./target/test_kyber512_kmac256_speed
Encapsulation medium time is 103929
Decapsulation medium time is 46892
./target/test_kyber768_poly1305_speed
Encapsulation medium time is 141076
Decapsulation medium time is 48082
./target/test_kyber768_gmac_speed
Encapsulation medium time is 152168
Decapsulation medium time is 53501
./target/test_kyber768_cmac_speed
Encapsulation medium time is 155397
Decapsulation medium time is 56923
./target/test_kyber768_kmac256_speed
Encapsulation medium time is 158289
Decapsulation medium time is 59609
./target/test_kyber1024_poly1305_speed
Encapsulation medium time is 215765
Decapsulation medium time is 62412
./target/test_kyber1024_gmac_speed
Encapsulation medium time is 211980
Decapsulation medium time is 64353
./target/test_kyber1024_cmac_speed
Encapsulation medium time is 216623
Decapsulation medium time is 69045
./target/test_kyber1024_kmac256_speed
Encapsulation medium time is 219665
Decapsulation medium time is 72748
./target/test_mceliece348864_poly1305_speed
Encapsulation medium time is 1735309
Decapsulation medium time is 23748450
./target/test_mceliece348864_gmac_speed
Encapsulation medium time is 1739049
Decapsulation medium time is 23760303
./target/test_mceliece348864_cmac_speed
Encapsulation medium time is 1738782
Decapsulation medium time is 23759384
./target/test_mceliece348864_kmac256_speed
Encapsulation medium time is 1738417
Decapsulation medium time is 23757472
./target/test_mceliece460896_poly1305_speed
Encapsulation medium time is 3607049
Decapsulation medium time is 54184695
./target/test_mceliece460896_gmac_speed
Encapsulation medium time is 3488256
Decapsulation medium time is 54156512
./target/test_mceliece460896_cmac_speed
Encapsulation medium time is 3475866
Decapsulation medium time is 54159486
./target/test_mceliece460896_kmac256_speed
Encapsulation medium time is 3487676
Decapsulation medium time is 54158849
./target/test_mceliece6688128_poly1305_speed
Encapsulation medium time is 6907116
Decapsulation medium time is 103759820
./target/test_mceliece6688128_gmac_speed
Encapsulation medium time is 6874567
Decapsulation medium time is 103802367
./target/test_mceliece6688128_cmac_speed
Encapsulation medium time is 6872755
Decapsulation medium time is 105307270
./target/test_mceliece6688128_kmac256_speed
Encapsulation medium time is 6899139
Decapsulation medium time is 105370200
./target/test_mceliece6960119_poly1305_speed
Encapsulation medium time is 7592450
Decapsulation medium time is 101810383
./target/test_mceliece6960119_gmac_speed
Encapsulation medium time is 7135215
Decapsulation medium time is 100448330
./target/test_mceliece6960119_cmac_speed
Encapsulation medium time is 7109881
Decapsulation medium time is 100442747
./target/test_mceliece6960119_kmac256_speed
Encapsulation medium time is 7111164
Decapsulation medium time is 100448569
./target/test_mceliece8192128_poly1305_speed
Encapsulation medium time is 8889311
Decapsulation medium time is 126763141
./target/test_mceliece8192128_gmac_speed
Encapsulation medium time is 8882271
Decapsulation medium time is 126819924
./target/test_mceliece8192128_cmac_speed
Encapsulation medium time is 8882345
Decapsulation medium time is 126822836
./target/test_mceliece8192128_kmac256_speed
Encapsulation medium time is 8931962
Decapsulation medium time is 128639971
cc -I/opt/homebrew/Cellar/openssl@3/3.3.2/include -O3 -Wno-incompatible-pointer-types-discards-qualifiers   -L/opt/homebrew/Cellar/openssl@3/3.3.2/lib -lcrypto  speed.c speed_mlkem speed_mceliece speed_etmkem   -o speed
