run 1
mceliece348864_avx
Ok.
mceliece348864f_avx
Ok.
mceliece460896_avx
Ok.
mceliece460896f_avx
Ok.
mceliece6688128_avx
Ok.
mceliece6688128f_avx
Ok.
mceliece6960119_avx
Ok.
mceliece6960119f_avx
Ok.
mceliece8192128_avx
Ok.
mceliece8192128f_avx
Ok.
mceliece348864_avx
KEM keygen                       medium:         35984312
                                 P90   :         76772956
                                 P99   :         76772956
KEM encap                        medium:            22854
                                 P90   :            30290
                                 P99   :            41236
KEM decap                        medium:            69264
                                 P90   :            69576
                                 P99   :            75842
PKE decap with check             medium:            65338
                                 P90   :            65676
                                 P99   :            71240
PKE decap w/o check              medium:            57642
                                 P90   :            57954
                                 P99   :            60814
Sample error vec                 medium:             5746
                                 P90   :            13078
                                 P99   :            23868
Synd in Enc                      medium:            11492
                                 P90   :            11570
                                 P99   :            11934
mceliece348864f_avx
KEM keygen                       medium:         16005353
                                 P90   :         25372100
                                 P99   :         25372100
KEM encap                        medium:            22854
                                 P90   :            30238
                                 P99   :            43056
KEM decap                        medium:            69368
                                 P90   :            69732
                                 P99   :            98774
PKE decap with check             medium:            65390
                                 P90   :            65728
                                 P99   :            94406
PKE decap w/o check              medium:            57668
                                 P90   :            58006
                                 P99   :            84812
Sample error vec                 medium:             5746
                                 P90   :            13052
                                 P99   :            23972
Synd in Enc                      medium:            11466
                                 P90   :            11544
                                 P99   :            12038
mceliece460896_avx
KEM keygen                       medium:         71343571
                                 P90   :        111497152
                                 P99   :        111497152
KEM encap                        medium:            45838
                                 P90   :            69888
                                 P99   :           106158
KEM decap                        medium:           134758
                                 P90   :           135330
                                 P99   :           179660
PKE decap with check             medium:           129298
                                 P90   :           129818
                                 P99   :           172016
PKE decap w/o check              medium:           112554
                                 P90   :           112970
                                 P99   :           146796
Sample error vec                 medium:            15704
                                 P90   :            39702
                                 P99   :            70538
Synd in Enc                      medium:            24180
                                 P90   :            24544
                                 P99   :            28314
mceliece460896f_avx
KEM keygen                       medium:         50776193
                                 P90   :         51915604
                                 P99   :         51915604
KEM encap                        medium:            45500
                                 P90   :            69706
                                 P99   :           105066
KEM decap                        medium:           134940
                                 P90   :           135434
                                 P99   :           149110
PKE decap with check             medium:           129350
                                 P90   :           129792
                                 P99   :           142480
PKE decap w/o check              medium:           112502
                                 P90   :           112892
                                 P99   :           123812
Sample error vec                 medium:            15704
                                 P90   :            39520
                                 P99   :            70460
Synd in Enc                      medium:            23868
                                 P90   :            24232
                                 P99   :            25168
mceliece6688128_avx
KEM keygen                       medium:        179926110
                                 P90   :        313892748
                                 P99   :        313892748
KEM encap                        medium:            80730
                                 P90   :           111072
                                 P99   :           157924
KEM decap                        medium:           159042
                                 P90   :           160030
                                 P99   :           206804
PKE decap with check             medium:           151840
                                 P90   :           152802
                                 P99   :           200174
PKE decap w/o check              medium:           134680
                                 P90   :           135538
                                 P99   :           178204
Sample error vec                 medium:            18967
                                 P90   :            48958
                                 P99   :            91234
Synd in Enc                      medium:            47320
                                 P90   :            48178
                                 P99   :            71214
mceliece6688128f_avx
KEM keygen                       medium:        106053246
                                 P90   :        116249302
                                 P99   :        116249302
KEM encap                        medium:            85982
                                 P90   :           114582
                                 P99   :           153218
KEM decap                        medium:           159224
                                 P90   :           160134
                                 P99   :           173888
PKE decap with check             medium:           151580
                                 P90   :           152412
                                 P99   :           171158
PKE decap w/o check              medium:           134420
                                 P90   :           135200
                                 P99   :           148226
Sample error vec                 medium:            18954
                                 P90   :            48932
                                 P99   :            90766
Synd in Enc                      medium:            53014
                                 P90   :            53794
                                 P99   :            71578
mceliece6960119_avx
KEM keygen                       medium:        155040808
                                 P90   :        480413778
                                 P99   :        480413778
KEM encap                        medium:            85124
                                 P90   :           109174
                                 P99   :           152984
KEM decap                        medium:           150020
                                 P90   :           150774
                                 P99   :           199524
PKE decap with check             medium:           142740
                                 P90   :           143442
                                 P99   :           191074
PKE decap w/o check              medium:           125632
                                 P90   :           126204
                                 P99   :           168974
Sample error vec                 medium:            18616
                                 P90   :            42146
                                 P99   :            72644
Synd in Enc                      medium:            54938
                                 P90   :            55978
                                 P99   :            89700
mceliece6960119f_avx
KEM keygen                       medium:        110922396
                                 P90   :        180001770
                                 P99   :        180001770
KEM encap                        medium:            84578
                                 P90   :           108238
                                 P99   :           139100
KEM decap                        medium:           150020
                                 P90   :           150592
                                 P99   :           170196
PKE decap with check             medium:           142610
                                 P90   :           143104
                                 P99   :           159978
PKE decap w/o check              medium:           125424
                                 P90   :           125892
                                 P99   :           137930
Sample error vec                 medium:            18902
                                 P90   :            42562
                                 P99   :            72800
Synd in Enc                      medium:            54756
                                 P90   :            55666
                                 P99   :            71604
mceliece8192128_avx
KEM keygen                       medium:        157117285
                                 P90   :        232416496
                                 P99   :        232416496
KEM encap                        medium:            92092
                                 P90   :           106574
                                 P99   :           143338
KEM decap                        medium:           158600
                                 P90   :           159432
                                 P99   :           208000
PKE decap with check             medium:           149630
                                 P90   :           150462
                                 P99   :           196326
PKE decap w/o check              medium:           133042
                                 P90   :           133770
                                 P99   :           179010
Sample error vec                 medium:            14300
                                 P90   :            26910
                                 P99   :            43212
Synd in Enc                      medium:            65650
                                 P90   :            66846
                                 P99   :           106288
mceliece8192128f_avx
KEM keygen                       medium:        110932120
                                 P90   :        114264072
                                 P99   :        114264072
KEM encap                        medium:            85228
                                 P90   :            97890
                                 P99   :           119964
KEM decap                        medium:           158288
                                 P90   :           159042
                                 P99   :           178048
PKE decap with check             medium:           149266
                                 P90   :           149916
                                 P99   :           168584
PKE decap w/o check              medium:           132886
                                 P90   :           133588
                                 P99   :           151866
Sample error vec                 medium:            14274
                                 P90   :            26832
                                 P99   :            41418
Synd in Enc                      medium:            59722
                                 P90   :            60658
                                 P99   :            81952
mceliece348864_poly1305
KEM keygen                       medium:         20700810
                                 P90   :         64718992
                                 P99   :         64718992
KEM encap                        medium:            24830
                                 P90   :            32292
                                 P99   :            46124
KEM decap                        medium:            63648
                                 P90   :            64038
                                 P99   :            91546
Done
mceliece348864f_poly1305
KEM keygen                       medium:         17695015
                                 P90   :         17790734
                                 P99   :         17790734
KEM encap                        medium:            24752
                                 P90   :            32110
                                 P99   :            46332
KEM decap                        medium:            63492
                                 P90   :            63882
                                 P99   :            96694
Done
mceliece460896_poly1305
KEM keygen                       medium:         94882593
                                 P90   :        275295878
                                 P99   :        275295878
KEM encap                        medium:            47346
                                 P90   :            71786
                                 P99   :           107094
KEM decap                        medium:           121212
                                 P90   :           122044
                                 P99   :           165334
Done
mceliece460896f_poly1305
KEM keygen                       medium:         54541422
                                 P90   :         54707406
                                 P99   :         54707406
KEM encap                        medium:            47736
                                 P90   :            72358
                                 P99   :           109330
KEM decap                        medium:           120016
                                 P90   :           120718
                                 P99   :           165308
Done
mceliece6688128_poly1305
KEM keygen                       medium:        147623749
                                 P90   :        260045500
                                 P99   :        260045500
KEM encap                        medium:            82186
                                 P90   :           107666
                                 P99   :           149656
KEM decap                        medium:           143520
                                 P90   :           144508
                                 P99   :           169104
Done
mceliece6688128f_poly1305
KEM keygen                       medium:        113865323
                                 P90   :        114638212
                                 P99   :        114638212
KEM encap                        medium:            81614
                                 P90   :           106912
                                 P99   :           148772
KEM decap                        medium:           143260
                                 P90   :           144170
                                 P99   :           181792
Done
mceliece6960119_poly1305
KEM keygen                       medium:        187867407
                                 P90   :        554218912
                                 P99   :        554218912
KEM encap                        medium:            85410
                                 P90   :           110396
                                 P99   :           152282
KEM decap                        medium:           134836
                                 P90   :           135590
                                 P99   :           180518
Done
mceliece6960119f_poly1305
KEM keygen                       medium:         96485181
                                 P90   :         97539858
                                 P99   :         97539858
KEM encap                        medium:            84500
                                 P90   :           108368
                                 P99   :           139568
KEM decap                        medium:           134706
                                 P90   :           135278
                                 P99   :           150878
Done
mceliece8192128_poly1305
KEM keygen                       medium:        204071439
                                 P90   :        385083556
                                 P99   :        385083556
KEM encap                        medium:            90922
                                 P90   :           103662
                                 P99   :           129896
KEM decap                        medium:           142324
                                 P90   :           143208
                                 P99   :           189228
Done
mceliece8192128f_poly1305
KEM keygen                       medium:        119355743
                                 P90   :        119450916
                                 P99   :        119450916
KEM encap                        medium:            87334
                                 P90   :           100828
                                 P99   :           139464
KEM decap                        medium:           142714
                                 P90   :           143624
                                 P99   :           191932
Done
mceliece348864_gmac
KEM keygen                       medium:         17318678
                                 P90   :         58120686
                                 P99   :         58120686
KEM encap                        medium:            28184
                                 P90   :            35438
                                 P99   :            46150
KEM decap                        medium:            66690
                                 P90   :            67054
                                 P99   :            73528
Done
mceliece348864f_gmac
KEM keygen                       medium:         17583748
                                 P90   :         17881994
                                 P99   :         17881994
KEM encap                        medium:            26260
                                 P90   :            33618
                                 P99   :            47450
KEM decap                        medium:            66560
                                 P90   :            66950
                                 P99   :            71708
Done
mceliece460896_gmac
KEM keygen                       medium:         83657964
                                 P90   :        192439156
                                 P99   :        192439156
KEM encap                        medium:            51090
                                 P90   :            75166
                                 P99   :           106158
KEM decap                        medium:           122876
                                 P90   :           123526
                                 P99   :           139620
Done
mceliece460896f_gmac
KEM keygen                       medium:         54542644
                                 P90   :         54899676
                                 P99   :         54899676
KEM encap                        medium:            50908
                                 P90   :            75244
                                 P99   :           111462
KEM decap                        medium:           122954
                                 P90   :           123864
                                 P99   :           165984
Done
mceliece6688128_gmac
KEM keygen                       medium:        129839827
                                 P90   :        337422956
                                 P99   :        337422956
KEM encap                        medium:            91052
                                 P90   :           121654
                                 P99   :           170534
KEM decap                        medium:           146432
                                 P90   :           147394
                                 P99   :           163618
Done
mceliece6688128f_gmac
KEM keygen                       medium:        112850335
                                 P90   :        113067864
                                 P99   :        113067864
KEM encap                        medium:            91520
                                 P90   :           120692
                                 P99   :           165464
KEM decap                        medium:           146380
                                 P90   :           147368
                                 P99   :           167076
Done
mceliece6960119_gmac
KEM keygen                       medium:        144988259
                                 P90   :        226367440
                                 P99   :        226367440
KEM encap                        medium:            90350
                                 P90   :           115024
                                 P99   :           156962
KEM decap                        medium:           137696
                                 P90   :           138658
                                 P99   :           186576
Done
mceliece6960119f_gmac
KEM keygen                       medium:         97066580
                                 P90   :         97277804
                                 P99   :         97277804
KEM encap                        medium:            90428
                                 P90   :           114400
                                 P99   :           145106
KEM decap                        medium:           137826
                                 P90   :           138554
                                 P99   :           153790
Done
mceliece8192128_gmac
KEM keygen                       medium:        203280038
                                 P90   :        347670336
                                 P99   :        347670336
KEM encap                        medium:            91468
                                 P90   :           106262
                                 P99   :           143312
KEM decap                        medium:           145964
                                 P90   :           147004
                                 P99   :           194090
Done
mceliece8192128f_gmac
KEM keygen                       medium:        121057742
                                 P90   :        121315818
                                 P99   :        121315818
KEM encap                        medium:            91936
                                 P90   :           107250
                                 P99   :           143936
KEM decap                        medium:           146042
                                 P90   :           146848
                                 P99   :           163904
Done
mceliece348864_cmac
KEM keygen                       medium:         34365695
                                 P90   :         85439822
                                 P99   :         85439822
KEM encap                        medium:            27092
                                 P90   :            34632
                                 P99   :            45292
KEM decap                        medium:            67470
                                 P90   :            67886
                                 P99   :            74334
Done
mceliece348864f_cmac
KEM keygen                       medium:         17629586
                                 P90   :         17718662
                                 P99   :         17718662
KEM encap                        medium:            28366
                                 P90   :            35672
                                 P99   :            46670
KEM decap                        medium:            67392
                                 P90   :            67782
                                 P99   :            72176
Done
mceliece460896_cmac
KEM keygen                       medium:         76274653
                                 P90   :        313696292
                                 P99   :        313696292
KEM encap                        medium:            51532
                                 P90   :            76102
                                 P99   :           117156
KEM decap                        medium:           123786
                                 P90   :           124514
                                 P99   :           168324
Done
mceliece460896f_cmac
KEM keygen                       medium:         54592694
                                 P90   :         54775552
                                 P99   :         54775552
KEM encap                        medium:            51428
                                 P90   :            75920
                                 P99   :           114036
KEM decap                        medium:           123968
                                 P90   :           124930
                                 P99   :           170014
Done
mceliece6688128_cmac
KEM keygen                       medium:        150696494
                                 P90   :        391214070
                                 P99   :        391214070
KEM encap                        medium:            88088
                                 P90   :           114322
                                 P99   :           156754
KEM decap                        medium:           147706
                                 P90   :           148668
                                 P99   :           163514
Done
mceliece6688128f_cmac
KEM keygen                       medium:        112445554
                                 P90   :        112736832
                                 P99   :        112736832
KEM encap                        medium:            86216
                                 P90   :           112528
                                 P99   :           158626
KEM decap                        medium:           147290
                                 P90   :           148252
                                 P99   :           168844
Done
mceliece6960119_cmac
KEM keygen                       medium:        161552352
                                 P90   :        791145732
                                 P99   :        791145732
KEM encap                        medium:            90714
                                 P90   :           115934
                                 P99   :           162162
KEM decap                        medium:           138710
                                 P90   :           139724
                                 P99   :           187122
Done
mceliece6960119f_cmac
KEM keygen                       medium:         96892692
                                 P90   :         97313502
                                 P99   :         97313502
KEM encap                        medium:            89466
                                 P90   :           113594
                                 P99   :           146744
KEM decap                        medium:           138736
                                 P90   :           139490
                                 P99   :           156416
Done
mceliece8192128_cmac
KEM keygen                       medium:        219552996
                                 P90   :        702075452
                                 P99   :        702075452
KEM encap                        medium:            97370
                                 P90   :           111696
                                 P99   :           153426
KEM decap                        medium:           146848
                                 P90   :           148018
                                 P99   :           197418
Done
mceliece8192128f_cmac
KEM keygen                       medium:        120016832
                                 P90   :        121091672
                                 P99   :        121091672
KEM encap                        medium:            92092
                                 P90   :           105170
                                 P99   :           130650
KEM decap                        medium:           146796
                                 P90   :           147732
                                 P99   :           167232
Done
mceliece348864_kmac256
KEM keygen                       medium:         27479569
                                 P90   :         78453622
                                 P99   :         78453622
KEM encap                        medium:            27196
                                 P90   :            34710
                                 P99   :            47216
KEM decap                        medium:            67756
                                 P90   :            68172
                                 P99   :            74438
Done
mceliece348864f_kmac256
KEM keygen                       medium:         17575844
                                 P90   :         17650464
                                 P99   :         17650464
KEM encap                        medium:            27222
                                 P90   :            34710
                                 P99   :            45760
KEM decap                        medium:            67626
                                 P90   :            68068
                                 P99   :            73502
Done
mceliece460896_kmac256
KEM keygen                       medium:        124682909
                                 P90   :        255224606
                                 P99   :        255224606
KEM encap                        medium:            51922
                                 P90   :            76388
                                 P99   :           117260
KEM decap                        medium:           124410
                                 P90   :           125242
                                 P99   :           169286
Done
mceliece460896f_kmac256
KEM keygen                       medium:         54559388
                                 P90   :         54675400
                                 P99   :         54675400
KEM encap                        medium:            52897
                                 P90   :            77428
                                 P99   :           114452
KEM decap                        medium:           124462
                                 P90   :           125268
                                 P99   :           170664
Done
mceliece6688128_kmac256
KEM keygen                       medium:        166564931
                                 P90   :        272612652
                                 P99   :        272612652
KEM encap                        medium:            93522
                                 P90   :           122616
                                 P99   :           164294
KEM decap                        medium:           147836
                                 P90   :           148772
                                 P99   :           163722
Done
mceliece6688128f_kmac256
KEM keygen                       medium:        112953113
                                 P90   :        124212062
                                 P99   :        124212062
KEM encap                        medium:            88556
                                 P90   :           115362
                                 P99   :           156000
KEM decap                        medium:           147732
                                 P90   :           148694
                                 P99   :           174044
Done
mceliece6960119_kmac256
KEM keygen                       medium:        129049076
                                 P90   :        194056096
                                 P99   :        194056096
KEM encap                        medium:            89726
                                 P90   :           114140
                                 P99   :           157768
KEM decap                        medium:           139126
                                 P90   :           140114
                                 P99   :           186004
Done
mceliece6960119f_kmac256
KEM keygen                       medium:         96358613
                                 P90   :        101513776
                                 P99   :        101513776
KEM encap                        medium:            90272
                                 P90   :           114036
                                 P99   :           147758
KEM decap                        medium:           138814
                                 P90   :           139568
                                 P99   :           154050
Done
mceliece8192128_kmac256
KEM keygen                       medium:        177920483
                                 P90   :        271410516
                                 P99   :        271410516
KEM encap                        medium:            96902
                                 P90   :           110630
                                 P99   :           148486
KEM decap                        medium:           147498
                                 P90   :           148512
                                 P99   :           197054
Done
mceliece8192128f_kmac256
KEM keygen                       medium:        126547785
                                 P90   :        225271228
                                 P99   :        225271228
KEM encap                        medium:            93626
                                 P90   :           107692
                                 P99   :           146094
KEM decap                        medium:           147550
                                 P90   :           148850
                                 P99   :           197418
Done
